<?xml version="1.0" encoding="UTF-8"?>
<testng-results skipped="0" failed="0" total="3" passed="3">
  <reporter-output>
  </reporter-output>
  <suite name="Default suite" duration-ms="29182" started-at="2021-04-22T22:35:34Z" finished-at="2021-04-22T22:36:03Z">
    <groups>
    </groups>
    <test name="Default test" duration-ms="29182" started-at="2021-04-22T22:35:34Z" finished-at="2021-04-22T22:36:03Z">
      <class name="ecom.Equifax.AmazonPriceTest">
        <test-method status="PASS" signature="initialize()[pri:0, instance:ecom.Equifax.AmazonPriceTest@4678c730]" name="initialize" is-config="true" duration-ms="12383" started-at="2021-04-22T15:35:34Z" finished-at="2021-04-22T15:35:46Z">
          <reporter-output>
          </reporter-output>
        </test-method> <!-- initialize -->
        <test-method status="PASS" signature="basePageNavigation()[pri:0, instance:ecom.Equifax.AmazonPriceTest@4678c730]" name="basePageNavigation" duration-ms="10002" started-at="2021-04-22T15:35:46Z" finished-at="2021-04-22T15:35:56Z">
          <reporter-output>
          </reporter-output>
        </test-method> <!-- basePageNavigation -->
        <test-method status="PASS" signature="addToCart()[pri:0, instance:ecom.Equifax.AmazonPriceTest@4678c730]" name="addToCart" duration-ms="1425" started-at="2021-04-22T15:35:56Z" finished-at="2021-04-22T15:35:58Z">
          <reporter-output>
          </reporter-output>
        </test-method> <!-- addToCart -->
        <test-method status="PASS" signature="proceedToCheckout()[pri:0, instance:ecom.Equifax.AmazonPriceTest@4678c730]" name="proceedToCheckout" duration-ms="1171" started-at="2021-04-22T15:35:58Z" finished-at="2021-04-22T15:35:59Z">
          <reporter-output>
          </reporter-output>
        </test-method> <!-- proceedToCheckout -->
        <test-method status="PASS" signature="teardown()[pri:0, instance:ecom.Equifax.AmazonPriceTest@4678c730]" name="teardown" is-config="true" duration-ms="4173" started-at="2021-04-22T15:35:59Z" finished-at="2021-04-22T15:36:03Z">
          <reporter-output>
          </reporter-output>
        </test-method> <!-- teardown -->
      </class> <!-- ecom.Equifax.AmazonPriceTest -->
    </test> <!-- Default test -->
  </suite> <!-- Default suite -->
</testng-results>
