<?xml version="1.0" encoding="UTF-8"?>
<!-- Generated by org.testng.reporters.JUnitXMLReporter -->
<testsuite hostname="LAPTOP-RNQVHAIA" name="Default test" tests="3" failures="0" timestamp="20 Apr 2021 17:11:30 GMT" time="85.668" errors="0">
  <testcase name="basePageNavigation" time="39.602" classname="bdd.Equifax.HomePage"/>
  <testcase name="addToCart" time="5.377" classname="bdd.Equifax.HomePage"/>
  <testcase name="proceedToCheckout" time="4.231" classname="bdd.Equifax.HomePage"/>
</testsuite> <!-- Default test -->
