<?xml version="1.0" encoding="UTF-8"?>
<!-- Generated by org.testng.reporters.JUnitXMLReporter -->
<testsuite hostname="LAPTOP-RNQVHAIA" name="Default test" tests="3" failures="0" timestamp="21 Apr 2021 19:27:39 GMT" time="25.313" errors="0">
  <testcase name="basePageNavigation" time="12.01" classname="ecom.Equifax.HomePage"/>
  <testcase name="addToCart" time="1.448" classname="ecom.Equifax.HomePage"/>
  <testcase name="proceedToCheckout" time="0.993" classname="ecom.Equifax.HomePage"/>
</testsuite> <!-- Default test -->
